[2017-06-30 17:34:29] {"type":"connected","fromUser":"system","toUser":147,"banned":{"all":false,"self":false},"online":1,"settings":{"canat":1,"canrepeal":1,"virtual":660115,"virtualadd":100,"status":1,"nickname":"\u7ba1\u7406\u5458B"},"userList":{"console_1_founder_103":"{\"fd\":147,\"uid\":\"console_1_founder_103\",\"nickname\":\"\\u7ba1\\u7406\\u5458B\",\"uniacid\":\"103\",\"roomid\":\"1\",\"role\":\"manage\"}"},"bannedList":[],"bannedNum":0}
[2017-06-30 17:34:30] {"type":"connected","fromUser":"system","toUser":148,"banned":{"all":false,"self":false},"online":1,"settings":{"canat":1,"canrepeal":1,"virtual":660215,"virtualadd":100,"status":1,"nickname":"\u7ba1\u7406\u5458B"},"userList":{"console_1_founder_103":"{\"fd\":148,\"uid\":\"console_1_founder_103\",\"nickname\":\"\\u7ba1\\u7406\\u5458B\",\"uniacid\":\"103\",\"roomid\":\"1\",\"role\":\"manage\"}"},"bannedList":[],"bannedNum":0}
[2017-06-30 17:34:39] {"type":"text","fromUser":"console_1_founder_103","toUser":"all","nickname":"\u7ba1\u7406\u5458B","text":"&lt;script&gt;&lt;\/script","msgid":"ced41e351c72eae01ecc21f032af10fe","roomid":"1","self":1}
[2017-06-30 17:34:52] {"type":"text","fromUser":"console_1_founder_103","toUser":"all","nickname":"\u7ba1\u7406\u5458B","text":"&lt;script&gt;alert(&#039;ddd&#039;)&lt;\/script&gt;","msgid":"7a42de629310e406f4f261ab92f5bae3","roomid":"1","self":1}
[2017-06-30 17:34:54] {"type":"connected","fromUser":"system","toUser":149,"banned":{"all":false,"self":false},"online":1,"settings":{"canat":1,"canrepeal":1,"virtual":660315,"virtualadd":100,"status":1,"nickname":"\u7ba1\u7406\u5458B"},"userList":{"console_1_founder_103":"{\"fd\":149,\"uid\":\"console_1_founder_103\",\"nickname\":\"\\u7ba1\\u7406\\u5458B\",\"uniacid\":\"103\",\"roomid\":\"1\",\"role\":\"manage\"}"},"bannedList":[],"bannedNum":0}
[2017-06-30 17:34:57] {"type":"repeal","fromUser":"console_1_founder_103","toUser":"all","nickname":"\u7ba1\u7406\u5458B","msgid":"7a42de629310e406f4f261ab92f5bae3","roomid":"1","self":1}
[2017-06-30 17:34:58] {"type":"repeal","fromUser":"console_1_founder_103","toUser":"all","nickname":"\u7ba1\u7406\u5458B","msgid":"ced41e351c72eae01ecc21f032af10fe","roomid":"1","self":1}
[2017-06-30 17:35:01] {"type":"connected","fromUser":"system","toUser":150,"banned":{"all":false,"self":false},"online":1,"settings":{"canat":1,"canrepeal":1,"virtual":660415,"virtualadd":100,"status":1,"nickname":"\u7ba1\u7406\u5458B"},"userList":{"console_1_founder_103":"{\"fd\":150,\"uid\":\"console_1_founder_103\",\"nickname\":\"\\u7ba1\\u7406\\u5458B\",\"uniacid\":\"103\",\"roomid\":\"1\",\"role\":\"manage\"}"},"bannedList":[],"bannedNum":0}
[2017-06-30 17:35:02] {"type":"connected","fromUser":"system","toUser":151,"banned":{"all":false,"self":false},"online":1,"settings":{"canat":1,"canrepeal":1,"virtual":660515,"virtualadd":100,"status":1,"nickname":"\u7ba1\u7406\u5458B"},"userList":{"console_1_founder_103":"{\"fd\":151,\"uid\":\"console_1_founder_103\",\"nickname\":\"\\u7ba1\\u7406\\u5458B\",\"uniacid\":\"103\",\"roomid\":\"1\",\"role\":\"manage\"}"},"bannedList":[],"bannedNum":0}
[2017-06-30 17:35:25] {"type":"connected","fromUser":"system","toUser":153,"banned":{"all":false,"self":false},"online":1,"settings":{"canat":1,"canrepeal":1,"virtual":660615,"virtualadd":100,"status":1,"nickname":"\u7ba1\u7406\u5458B"},"userList":{"console_1_founder_103":"{\"fd\":153,\"uid\":\"console_1_founder_103\",\"nickname\":\"\\u7ba1\\u7406\\u5458B\",\"uniacid\":\"103\",\"roomid\":\"1\",\"role\":\"manage\"}"},"bannedList":[],"bannedNum":0}
[2017-06-30 17:41:42] {"type":"connected","fromUser":"system","toUser":155,"banned":{"all":false,"self":false},"online":1,"settings":{"canat":1,"canrepeal":1,"virtual":660715,"virtualadd":100,"status":1}}
[2017-06-30 17:42:01] {"type":"connected","fromUser":"system","toUser":156,"banned":{"all":false,"self":false},"online":1,"settings":{"canat":1,"canrepeal":1,"virtual":660815,"virtualadd":100,"status":1}}
[2017-06-30 17:44:32] {"type":"connected","fromUser":"system","toUser":157,"banned":{"all":false,"self":false},"online":1,"settings":{"canat":1,"canrepeal":1,"virtual":660915,"virtualadd":100,"status":1}}
[2017-06-30 17:44:57] {"type":"connected","fromUser":"system","toUser":158,"banned":{"all":false,"self":false},"online":1,"settings":{"canat":1,"canrepeal":1,"virtual":661015,"virtualadd":100,"status":1}}
[2017-06-30 17:45:06] {"type":"connected","fromUser":"system","toUser":159,"banned":{"all":false,"self":false},"online":1,"settings":{"canat":1,"canrepeal":1,"virtual":661115,"virtualadd":100,"status":1}}
[2017-06-30 17:46:32] {"type":"connected","fromUser":"system","toUser":160,"banned":{"all":false,"self":false},"online":1,"settings":{"canat":1,"canrepeal":1,"virtual":661215,"virtualadd":100,"status":1}}
[2017-06-30 17:47:05] {"type":"connected","fromUser":"system","toUser":161,"banned":{"all":false,"self":false},"online":1,"settings":{"canat":1,"canrepeal":1,"virtual":661315,"virtualadd":100,"status":1}}
[2017-06-30 17:47:39] {"type":"userEnter","fromUser":"103449","toUser":"all","nickname":"Young","role":null,"banned":false,"roomid":"1"}
[2017-06-30 17:47:39] {"type":"connected","fromUser":"system","toUser":162,"banned":{"all":false,"self":false},"online":2,"settings":{"canat":1,"canrepeal":1,"virtual":661415,"virtualadd":100,"status":1}}
[2017-06-30 17:47:47] {"type":"userLeave","fromUser":"103480","toUser":"all","nickname":"Lion","roomid":"1"}
[2017-06-30 17:48:23] {"type":"text","fromUser":"103449","toUser":"all","nickname":"Young","text":"\u7f8e\u5973\uff0c\u4f60\u53d1\u4e00\u4e2a\u5546\u54c1\u6211\u770b\u770b\u600e\u4e48\u8d2d\u4e70","msgid":"4f0b6795608cadf5634734ab9331bf35","roomid":"1","self":1}
[2017-06-30 18:22:22] {"type":"connected","fromUser":"system","toUser":163,"banned":{"all":false,"self":false},"online":1,"settings":{"canat":1,"canrepeal":1,"virtual":661515,"virtualadd":100,"status":1}}
[2017-06-30 18:26:23] {"type":"connected","fromUser":"system","toUser":165,"banned":{"all":false,"self":false},"online":1,"settings":{"canat":1,"canrepeal":1,"virtual":661615,"virtualadd":100,"status":1}}
[2017-06-30 18:26:50] {"type":"connected","fromUser":"system","toUser":166,"banned":{"all":false,"self":false},"online":1,"settings":{"canat":1,"canrepeal":1,"virtual":661715,"virtualadd":100,"status":1}}
[2017-06-30 18:32:20] {"type":"connected","fromUser":"system","toUser":167,"banned":{"all":false,"self":false},"online":1,"settings":{"canat":1,"canrepeal":1,"virtual":661815,"virtualadd":100,"status":1}}
[2017-06-30 18:54:38] {"type":"connected","fromUser":"system","toUser":168,"banned":{"all":false,"self":false},"online":1,"settings":{"canat":1,"canrepeal":1,"virtual":661915,"virtualadd":100,"status":1}}
[2017-06-30 20:48:06] {"type":"connected","fromUser":"system","toUser":169,"banned":{"all":false,"self":false},"online":1,"settings":{"canat":1,"canrepeal":1,"virtual":662015,"virtualadd":100,"status":1}}
[2017-06-30 21:48:10] {"type":"connected","fromUser":"system","toUser":170,"banned":{"all":false,"self":false},"online":1,"settings":{"canat":1,"canrepeal":1,"virtual":662115,"virtualadd":100,"status":1}}
[2017-07-01 01:19:11] {"type":"connected","fromUser":"system","toUser":171,"banned":{"all":false,"self":false},"online":1,"settings":{"canat":1,"canrepeal":1,"virtual":662215,"virtualadd":100,"status":1}}
[2017-07-01 09:40:53] {"type":"connected","fromUser":"system","toUser":172,"banned":{"all":false,"self":false},"online":1,"settings":{"canat":1,"canrepeal":1,"virtual":662315,"virtualadd":100,"status":1}}
[2017-07-01 12:55:28] {"type":"connected","fromUser":"system","toUser":173,"banned":{"all":false,"self":false},"online":1,"settings":{"canat":1,"canrepeal":1,"virtual":662415,"virtualadd":100,"status":1}}
[2017-07-01 16:26:48] {"type":"connected","fromUser":"system","toUser":174,"banned":{"all":false,"self":false},"online":1,"settings":{"canat":1,"canrepeal":1,"virtual":662515,"virtualadd":100,"status":1}}
[2017-07-01 16:28:20] {"type":"connected","fromUser":"system","toUser":175,"banned":{"all":false,"self":false},"online":1,"settings":{"canat":1,"canrepeal":1,"virtual":662615,"virtualadd":100,"status":1}}
[2017-07-01 16:28:26] {"type":"connected","fromUser":"system","toUser":176,"banned":{"all":false,"self":false},"online":1,"settings":{"canat":1,"canrepeal":1,"virtual":662715,"virtualadd":100,"status":1}}
[2017-07-01 16:28:44] {"type":"connected","fromUser":"system","toUser":177,"banned":{"all":false,"self":false},"online":1,"settings":{"canat":1,"canrepeal":1,"virtual":662815,"virtualadd":100,"status":1}}
[2017-07-01 16:28:53] {"type":"connected","fromUser":"system","toUser":178,"banned":{"all":false,"self":false},"online":1,"settings":{"canat":1,"canrepeal":1,"virtual":662915,"virtualadd":100,"status":1}}
[2017-07-01 16:29:24] {"type":"text","fromUser":"4397","toUser":"all","nickname":"\u8c22\u6167","text":"\u54c8\u54c8\u6211\u64e6","msgid":"9bdf90122cbf3a98b3f1e03511ea1fa9","roomid":"1"}
[2017-07-01 16:29:56] {"type":"connected","fromUser":"system","toUser":180,"banned":{"all":false,"self":false},"online":1,"settings":{"canat":1,"canrepeal":1,"virtual":663015,"virtualadd":100,"status":1,"nickname":"\u7ba1\u7406\u5458B"},"userList":{"console_1_founder_103":"{\"fd\":180,\"uid\":\"console_1_founder_103\",\"nickname\":\"\\u7ba1\\u7406\\u5458B\",\"uniacid\":\"103\",\"roomid\":\"1\",\"role\":\"manage\"}"},"bannedList":[],"bannedNum":0}
[2017-07-01 16:30:16] {"type":"userEnter","fromUser":"103711","toUser":"all","nickname":"\u7f85\u746a\u8389\u7535\u5546\u90e8-\u963fQ","role":null,"banned":false,"roomid":"1"}
[2017-07-01 16:30:16] {"type":"connected","fromUser":"system","toUser":181,"banned":{"all":false,"self":false},"online":2,"settings":{"canat":1,"canrepeal":1,"virtual":663115,"virtualadd":100,"status":1}}
[2017-07-01 16:30:29] {"type":"userEnter","fromUser":"103712","toUser":"all","nickname":"Yip","role":null,"banned":false,"roomid":"1"}
[2017-07-01 16:30:29] {"type":"userEnter","fromUser":"103712","toUser":"all","nickname":"Yip","role":null,"banned":false,"roomid":"1"}
[2017-07-01 16:30:29] {"type":"connected","fromUser":"system","toUser":182,"banned":{"all":false,"self":false},"online":3,"settings":{"canat":1,"canrepeal":1,"virtual":663215,"virtualadd":100,"status":1}}
[2017-07-01 16:30:38] {"type":"userLeave","fromUser":"103712","toUser":"all","nickname":"Yip","roomid":"1"}
[2017-07-01 16:30:38] {"type":"userLeave","fromUser":"103712","toUser":"all","nickname":"Yip","roomid":"1"}
[2017-07-01 16:30:44] {"type":"clicklike","fromUser":"103711","toUser":"all","roomid":"1"}
[2017-07-01 16:31:22] {"type":"userEnter","fromUser":"4397","toUser":"all","nickname":"\u8c22\u6167","role":null,"banned":false,"roomid":"1"}
[2017-07-01 16:31:22] {"type":"userEnter","fromUser":"4397","toUser":"all","nickname":"\u8c22\u6167","role":null,"banned":false,"roomid":"1"}
[2017-07-01 16:31:22] {"type":"connected","fromUser":"system","toUser":183,"banned":{"all":false,"self":false},"online":3,"settings":{"canat":1,"canrepeal":1,"virtual":663315,"virtualadd":100,"status":1}}
[2017-07-01 16:32:30] {"type":"userLeave","fromUser":"console_1_founder_103","toUser":"all","nickname":"\u7ba1\u7406\u5458B","roomid":1}
[2017-07-01 16:32:30] {"type":"userLeave","fromUser":"console_1_founder_103","toUser":"all","nickname":"\u7ba1\u7406\u5458B","roomid":1}
[2017-07-01 16:32:36] {"type":"text","fromUser":"103711","toUser":"all","nickname":"\u7f85\u746a\u8389\u7535\u5546\u90e8-\u963fQ","text":"[\u5077\u7b11][\u5077\u7b11][\u5077\u7b11]","msgid":"3e5f0231f38a039e5a4afd818c9d70c7","roomid":"1","self":1}
[2017-07-01 16:32:36] {"type":"text","fromUser":"103711","toUser":"all","nickname":"\u7f85\u746a\u8389\u7535\u5546\u90e8-\u963fQ","text":"[\u5077\u7b11][\u5077\u7b11][\u5077\u7b11]","msgid":"3e5f0231f38a039e5a4afd818c9d70c7","roomid":"1"}
[2017-07-01 16:32:49] {"type":"text","fromUser":"103711","toUser":"all","nickname":"\u7f85\u746a\u8389\u7535\u5546\u90e8-\u963fQ","text":"\u4e0d\u9519","msgid":"7a8223b11147a0d65b1b18f20c51ce61","roomid":"1","self":1}
[2017-07-01 16:32:49] {"type":"text","fromUser":"103711","toUser":"all","nickname":"\u7f85\u746a\u8389\u7535\u5546\u90e8-\u963fQ","text":"\u4e0d\u9519","msgid":"7a8223b11147a0d65b1b18f20c51ce61","roomid":"1"}
[2017-07-01 16:33:11] {"type":"text","fromUser":"4397","toUser":"all","nickname":"\u8c22\u6167","text":"[\u6109\u5feb]","msgid":"61eef94d91a218050ca38e8f4c4c6f92","roomid":"1"}
[2017-07-01 16:33:11] {"type":"text","fromUser":"4397","toUser":"all","nickname":"\u8c22\u6167","text":"[\u6109\u5feb]","msgid":"61eef94d91a218050ca38e8f4c4c6f92","roomid":"1","self":1}
[2017-07-01 16:33:17] {"type":"text","fromUser":"4397","toUser":"all","nickname":"\u8c22\u6167","text":"\u54c8\u54c8","msgid":"1a86b677728dde38d68b41d0e09bc377","roomid":"1"}
[2017-07-01 16:33:17] {"type":"text","fromUser":"4397","toUser":"all","nickname":"\u8c22\u6167","text":"\u54c8\u54c8","msgid":"1a86b677728dde38d68b41d0e09bc377","roomid":"1","self":1}
[2017-07-01 16:34:02] {"type":"userLeave","fromUser":"103711","toUser":"all","nickname":"\u7f85\u746a\u8389\u7535\u5546\u90e8-\u963fQ","roomid":"1"}
[2017-07-01 16:38:05] {"type":"connected","fromUser":"system","toUser":184,"banned":{"all":false,"self":false},"online":1,"settings":{"canat":1,"canrepeal":1,"virtual":663415,"virtualadd":100,"status":1}}
[2017-07-01 16:41:20] {"type":"connected","fromUser":"system","toUser":185,"banned":{"all":false,"self":false},"online":1,"settings":{"canat":1,"canrepeal":1,"virtual":663515,"virtualadd":100,"status":1}}
[2017-07-01 16:41:44] {"type":"text","fromUser":"4397","toUser":"all","nickname":"\u8c22\u6167","text":"\u90a3\u4e48\u5e05","msgid":"947d3c845d25425acb17217d8851c0be","roomid":"1","self":1}
[2017-07-01 16:42:27] {"type":"connected","fromUser":"system","toUser":186,"banned":{"all":false,"self":false},"online":1,"settings":{"canat":1,"canrepeal":1,"virtual":663615,"virtualadd":100,"status":1}}
[2017-07-01 16:43:01] {"type":"connected","fromUser":"system","toUser":187,"banned":{"all":false,"self":false},"online":1,"settings":{"canat":1,"canrepeal":1,"virtual":663715,"virtualadd":100,"status":1}}
[2017-07-01 16:45:20] {"type":"connected","fromUser":"system","toUser":188,"banned":{"all":false,"self":false},"online":1,"settings":{"canat":1,"canrepeal":1,"virtual":663815,"virtualadd":100,"status":1}}
[2017-07-01 16:50:23] {"type":"connected","fromUser":"system","toUser":189,"banned":{"all":false,"self":false},"online":1,"settings":{"canat":1,"canrepeal":1,"virtual":663915,"virtualadd":100,"status":1}}
[2017-07-01 16:50:58] {"type":"userEnter","fromUser":"100567","toUser":"all","nickname":"\u5c0f\u8c22","role":null,"banned":false,"roomid":"1"}
[2017-07-01 16:50:58] {"type":"connected","fromUser":"system","toUser":190,"banned":{"all":false,"self":false},"online":2,"settings":{"canat":1,"canrepeal":1,"virtual":664015,"virtualadd":100,"status":1}}
[2017-07-01 16:51:10] {"type":"userLeave","fromUser":"100567","toUser":"all","nickname":"\u5c0f\u8c22","roomid":"1"}
[2017-07-01 16:54:47] {"type":"connected","fromUser":"system","toUser":191,"banned":{"all":false,"self":false},"online":1,"settings":{"canat":1,"canrepeal":1,"virtual":664115,"virtualadd":100,"status":1}}
[2017-07-01 16:57:52] {"type":"connected","fromUser":"system","toUser":192,"banned":{"all":false,"self":false},"online":1,"settings":{"canat":1,"canrepeal":1,"virtual":664215,"virtualadd":100,"status":1}}
[2017-07-01 17:41:31] {"type":"connected","fromUser":"system","toUser":193,"banned":{"all":false,"self":false},"online":1,"settings":{"canat":1,"canrepeal":1,"virtual":664315,"virtualadd":100,"status":1}}
[2017-07-01 18:19:34] {"type":"connected","fromUser":"system","toUser":194,"banned":{"all":false,"self":false},"online":1,"settings":{"canat":1,"canrepeal":1,"virtual":664415,"virtualadd":100,"status":1}}
[2017-07-01 20:00:47] {"type":"connected","fromUser":"system","toUser":195,"banned":{"all":false,"self":false},"online":1,"settings":{"canat":1,"canrepeal":1,"virtual":664515,"virtualadd":100,"status":1}}
[2017-07-02 10:56:33] {"type":"connected","fromUser":"system","toUser":196,"banned":{"all":false,"self":false},"online":1,"settings":{"canat":1,"canrepeal":1,"virtual":664615,"virtualadd":100,"status":1}}
[2017-07-02 10:56:55] {"type":"text","fromUser":"102227","toUser":"all","nickname":"\u4e22\u4e86\u4e00\u4e2a\u5973\u5b69","text":"\u65e5\u4e86  \u64ad\u4e86\u4e00\u5929\u5566","msgid":"96734099ae80b53e6fcdfee2cbabcb74","roomid":"1","self":1}
[2017-07-04 19:14:26] {"type":"connected","fromUser":"system","toUser":198,"banned":{"all":false,"self":false},"online":1,"settings":{"canat":1,"canrepeal":1,"virtual":664715,"virtualadd":100,"status":1}}
[2017-07-04 19:15:04] {"type":"userEnter","fromUser":"4397","toUser":"all","nickname":"\u8c22\u6167","role":null,"banned":false,"roomid":"1"}
[2017-07-04 19:15:04] {"type":"connected","fromUser":"system","toUser":199,"banned":{"all":false,"self":false},"online":2,"settings":{"canat":1,"canrepeal":1,"virtual":664815,"virtualadd":100,"status":1}}
[2017-07-04 19:15:48] {"type":"userLeave","fromUser":"4397","toUser":"all","nickname":"\u8c22\u6167","roomid":"1"}
[2017-07-04 19:16:40] {"type":"connected","fromUser":"system","toUser":200,"banned":{"all":false,"self":false},"online":1,"settings":{"canat":1,"canrepeal":1,"virtual":664915,"virtualadd":100,"status":1}}
[2017-07-04 19:26:35] {"type":"connected","fromUser":"system","toUser":201,"banned":{"all":false,"self":false},"online":1,"settings":{"canat":1,"canrepeal":1,"virtual":665015,"virtualadd":100,"status":1}}
[2017-07-06 16:14:44] {"type":"connected","fromUser":"system","toUser":203,"banned":{"all":false,"self":false},"online":1,"settings":{"canat":0,"canrepeal":0,"virtual":0,"virtualadd":1,"status":0}}
[2017-07-06 16:14:47] {"type":"userEnter","fromUser":"73919","toUser":"all","nickname":"\u8c22\u6167","role":null,"banned":false,"roomid":"2"}
[2017-07-06 16:14:47] {"type":"connected","fromUser":"system","toUser":204,"banned":{"all":false,"self":false},"online":2,"settings":{"canat":0,"canrepeal":0,"virtual":0,"virtualadd":1,"status":0}}
[2017-07-06 16:15:15] {"type":"userLeave","fromUser":"69396","toUser":"all","nickname":"\u52b2\u8c6a","roomid":"2"}
[2017-07-06 16:15:18] {"type":"userEnter","fromUser":"69396","toUser":"all","nickname":"\u52b2\u8c6a","role":null,"banned":false,"roomid":"2"}
[2017-07-06 16:15:18] {"type":"connected","fromUser":"system","toUser":205,"banned":{"all":false,"self":false},"online":2,"settings":{"canat":0,"canrepeal":0,"virtual":0,"virtualadd":1,"status":0}}
[2017-07-06 16:15:31] {"type":"text","fromUser":"69396","toUser":"all","nickname":"\u52b2\u8c6a","text":"[\u8272]","msgid":"8286c6381275668a01f7960bf8ea116f","roomid":"2"}
[2017-07-06 16:15:31] {"type":"text","fromUser":"69396","toUser":"all","nickname":"\u52b2\u8c6a","text":"[\u8272]","msgid":"8286c6381275668a01f7960bf8ea116f","roomid":"2","self":1}
[2017-07-06 16:16:01] {"type":"text","fromUser":"73919","toUser":"all","nickname":"\u8c22\u6167","text":"[\u95ed\u5634]","msgid":"e99f52b9aa0b669c0d97c04a68ca8a90","roomid":"2","self":1}
[2017-07-06 16:16:01] {"type":"text","fromUser":"73919","toUser":"all","nickname":"\u8c22\u6167","text":"[\u95ed\u5634]","msgid":"e99f52b9aa0b669c0d97c04a68ca8a90","roomid":"2"}
[2017-07-06 16:17:39] {"type":"userLeave","fromUser":"69396","toUser":"all","nickname":"\u52b2\u8c6a","roomid":"2"}
[2017-07-06 16:17:45] {"type":"userEnter","fromUser":"69396","toUser":"all","nickname":"\u52b2\u8c6a","role":null,"banned":false,"roomid":"2"}
[2017-07-06 16:17:45] {"type":"connected","fromUser":"system","toUser":206,"banned":{"all":false,"self":false},"online":2,"settings":{"canat":0,"canrepeal":0,"virtual":0,"virtualadd":1,"status":0}}
[2017-07-06 16:18:02] {"type":"userLeave","fromUser":"69396","toUser":"all","nickname":"\u52b2\u8c6a","roomid":"2"}
[2017-07-06 16:18:56] {"type":"connected","fromUser":"system","toUser":207,"banned":{"all":false,"self":false},"online":1,"settings":{"canat":0,"canrepeal":0,"virtual":0,"virtualadd":1,"status":0}}
[2017-07-06 16:19:05] {"type":"userEnter","fromUser":"console_1_founder_119","toUser":"all","nickname":"\u7ba1\u7406\u5458B","role":"manage","banned":false,"roomid":"2"}
[2017-07-06 16:19:05] {"type":"connected","fromUser":"system","toUser":209,"banned":{"all":false,"self":false},"online":2,"settings":{"canat":0,"canrepeal":0,"virtual":0,"virtualadd":1,"status":0},"userList":{"console_1_founder_119":"{\"fd\":209,\"uid\":\"console_1_founder_119\",\"nickname\":\"\\u7ba1\\u7406\\u5458B\",\"uniacid\":\"119\",\"roomid\":\"2\",\"role\":\"manage\"}","69396":"{\"fd\":207,\"uid\":\"69396\",\"nickname\":\"\\u52b2\\u8c6a\",\"uniacid\":\"119\",\"roomid\":\"2\",\"role\":null}"},"bannedList":[],"bannedNum":0}
[2017-07-06 16:19:39] {"type":"userEnter","fromUser":"console_1_founder_119","toUser":"all","nickname":"\u7ba1\u7406\u5458B","role":"manage","banned":false,"roomid":"2"}
[2017-07-06 16:19:39] {"type":"connected","fromUser":"system","toUser":210,"banned":{"all":false,"self":false},"online":2,"settings":{"canat":0,"canrepeal":0,"virtual":0,"virtualadd":0,"status":1},"userList":{"console_1_founder_119":"{\"fd\":210,\"uid\":\"console_1_founder_119\",\"nickname\":\"\\u7ba1\\u7406\\u5458B\",\"uniacid\":\"119\",\"roomid\":\"2\",\"role\":\"manage\"}","69396":"{\"fd\":207,\"uid\":\"69396\",\"nickname\":\"\\u52b2\\u8c6a\",\"uniacid\":\"119\",\"roomid\":\"2\",\"role\":null}"},"bannedList":[],"bannedNum":0}
[2017-07-06 16:20:01] {"type":"userLeave","fromUser":"69396","toUser":"all","nickname":"\u52b2\u8c6a","roomid":"2"}
[2017-07-06 16:20:04] {"type":"userEnter","fromUser":"69396","toUser":"all","nickname":"\u52b2\u8c6a","role":null,"banned":false,"roomid":"2"}
[2017-07-06 16:20:04] {"type":"connected","fromUser":"system","toUser":211,"banned":{"all":false,"self":false},"online":2,"settings":{"canat":0,"canrepeal":0,"virtual":0,"virtualadd":0,"status":1}}
[2017-07-06 16:20:11] {"type":"userLeave","fromUser":"console_1_founder_119","toUser":"all","nickname":"\u7ba1\u7406\u5458B","roomid":2}
[2017-07-06 16:20:22] {"type":"userEnter","fromUser":"73919","toUser":"all","nickname":"\u8c22\u6167","role":null,"banned":false,"roomid":"2"}
[2017-07-06 16:20:22] {"type":"connected","fromUser":"system","toUser":212,"banned":{"all":false,"self":false},"online":2,"settings":{"canat":0,"canrepeal":0,"virtual":0,"virtualadd":0,"status":1}}
[2017-07-06 16:20:45] {"type":"text","fromUser":"73919","toUser":"all","nickname":"\u8c22\u6167","text":"\u8fd9\u4e48\u9a9a","msgid":"ac34a10f68d33ede49f7c9e8c6bc431d","roomid":"2","self":1}
[2017-07-06 16:20:45] {"type":"text","fromUser":"73919","toUser":"all","nickname":"\u8c22\u6167","text":"\u8fd9\u4e48\u9a9a","msgid":"ac34a10f68d33ede49f7c9e8c6bc431d","roomid":"2"}
[2017-07-06 16:20:48] {"type":"clicklike","fromUser":"73919","toUser":"all","roomid":"2"}
[2017-07-06 16:22:07] {"type":"clicklike","fromUser":"73919","toUser":"all","roomid":"2"}
[2017-07-06 16:22:27] {"type":"userLeave","fromUser":"69396","toUser":"all","nickname":"\u52b2\u8c6a","roomid":"2"}
[2017-07-06 16:23:26] {"type":"connected","fromUser":"system","toUser":214,"banned":{"all":false,"self":false},"online":1,"settings":{"canat":0,"canrepeal":0,"virtual":0,"virtualadd":0,"status":1}}
[2017-07-06 16:24:36] {"type":"userLeave","fromUser":"104759","toUser":"all","nickname":"","roomid":"2"}
[2017-07-06 16:24:39] {"type":"userEnter","fromUser":"69396","toUser":"all","nickname":"\u52b2\u8c6a","role":null,"banned":false,"roomid":"2"}
[2017-07-06 16:24:39] {"type":"connected","fromUser":"system","toUser":216,"banned":{"all":false,"self":false},"online":2,"settings":{"canat":0,"canrepeal":0,"virtual":0,"virtualadd":0,"status":1}}
[2017-07-06 16:24:47] {"type":"userEnter","fromUser":"73919","toUser":"all","nickname":"\u8c22\u6167","role":null,"banned":false,"roomid":"2"}
[2017-07-06 16:24:47] {"type":"connected","fromUser":"system","toUser":217,"banned":{"all":false,"self":false},"online":2,"settings":{"canat":0,"canrepeal":0,"virtual":0,"virtualadd":0,"status":1}}
[2017-07-06 16:24:56] {"type":"clicklike","fromUser":"73919","toUser":"all","roomid":"2"}
[2017-07-06 16:25:10] {"type":"userLeave","fromUser":"73919","toUser":"all","nickname":"\u8c22\u6167","roomid":"2"}
[2017-07-06 16:25:29] {"type":"connected","fromUser":"system","toUser":218,"banned":{"all":false,"self":false},"online":1,"settings":{"canat":0,"canrepeal":0,"virtual":0,"virtualadd":0,"status":1}}
[2017-07-06 16:26:21] {"type":"userEnter","fromUser":"104760","toUser":"all","nickname":"","role":null,"banned":false,"roomid":"2"}
[2017-07-06 16:26:21] {"type":"connected","fromUser":"system","toUser":221,"banned":{"all":false,"self":false},"online":2,"settings":{"canat":0,"canrepeal":0,"virtual":0,"virtualadd":0,"status":1}}
[2017-07-06 16:26:50] {"type":"userLeave","fromUser":"104760","toUser":"all","nickname":"","roomid":"2"}
[2017-07-06 16:26:50] {"type":"userLeave","fromUser":"104760","toUser":"all","nickname":"","roomid":"2"}
[2017-07-06 16:27:05] {"type":"userEnter","fromUser":"104762","toUser":"all","nickname":"","role":null,"banned":false,"roomid":"2"}
[2017-07-06 16:27:05] {"type":"userEnter","fromUser":"104762","toUser":"all","nickname":"","role":null,"banned":false,"roomid":"2"}
[2017-07-06 16:27:05] {"type":"connected","fromUser":"system","toUser":223,"banned":{"all":false,"self":false},"online":3,"settings":{"canat":0,"canrepeal":0,"virtual":0,"virtualadd":0,"status":1}}
[2017-07-06 16:27:49] {"type":"clicklike","fromUser":"104762","toUser":"all","roomid":"2"}
[2017-07-06 16:28:54] {"type":"userEnter","fromUser":"104763","toUser":"all","nickname":"","role":null,"banned":false,"roomid":"2"}
[2017-07-06 16:28:54] {"type":"connected","fromUser":"system","toUser":224,"banned":{"all":false,"self":false},"online":2,"settings":{"canat":0,"canrepeal":0,"virtual":0,"virtualadd":0,"status":1}}
[2017-07-06 16:29:00] {"type":"text","fromUser":"104763","toUser":"all","nickname":"","text":"\u554a\u554a\u554a","msgid":"bc3b5fe87da77773e2813db02da6ef97","roomid":"2"}
[2017-07-06 16:29:00] {"type":"text","fromUser":"104763","toUser":"all","nickname":"","text":"\u554a\u554a\u554a","msgid":"bc3b5fe87da77773e2813db02da6ef97","roomid":"2","self":1}
[2017-07-06 16:29:06] {"type":"userLeave","fromUser":"104763","toUser":"all","nickname":"","roomid":"2"}
[2017-07-06 16:29:18] {"type":"userEnter","fromUser":"104762","toUser":"all","nickname":"","role":null,"banned":false,"roomid":"2"}
[2017-07-06 16:29:18] {"type":"connected","fromUser":"system","toUser":225,"banned":{"all":false,"self":false},"online":2,"settings":{"canat":0,"canrepeal":0,"virtual":0,"virtualadd":0,"status":1}}
[2017-07-06 16:30:32] {"type":"userEnter","fromUser":"100100","toUser":"all","nickname":"","role":null,"banned":false,"roomid":"2"}
[2017-07-06 16:30:32] {"type":"userEnter","fromUser":"100100","toUser":"all","nickname":"","role":null,"banned":false,"roomid":"2"}
[2017-07-06 16:30:32] {"type":"userEnter","fromUser":"100100","toUser":"all","nickname":"","role":null,"banned":false,"roomid":"2"}
[2017-07-06 16:30:32] {"type":"userEnter","fromUser":"100100","toUser":"all","nickname":"","role":null,"banned":false,"roomid":"2"}
[2017-07-06 16:30:32] {"type":"userEnter","fromUser":"100100","toUser":"all","nickname":"","role":null,"banned":false,"roomid":"2"}
[2017-07-06 16:30:32] {"type":"connected","fromUser":"system","toUser":229,"banned":{"all":false,"self":false},"online":5,"settings":{"canat":0,"canrepeal":0,"virtual":0,"virtualadd":0,"status":1}}
[2017-07-06 16:30:45] {"type":"userLeave","fromUser":"104762","toUser":"all","nickname":"","roomid":"2"}
[2017-07-06 16:30:45] {"type":"userLeave","fromUser":"104762","toUser":"all","nickname":"","roomid":"2"}
[2017-07-06 16:30:45] {"type":"userLeave","fromUser":"104762","toUser":"all","nickname":"","roomid":"2"}
[2017-07-06 16:30:45] {"type":"userLeave","fromUser":"104762","toUser":"all","nickname":"","roomid":"2"}
[2017-07-06 16:30:45] {"type":"userEnter","fromUser":"104763","toUser":"all","nickname":"","role":null,"banned":false,"roomid":"2"}
[2017-07-06 16:30:45] {"type":"userEnter","fromUser":"104763","toUser":"all","nickname":"","role":null,"banned":false,"roomid":"2"}
[2017-07-06 16:30:45] {"type":"connected","fromUser":"system","toUser":230,"banned":{"all":false,"self":false},"online":3,"settings":{"canat":0,"canrepeal":0,"virtual":0,"virtualadd":0,"status":1}}
[2017-07-06 16:31:04] {"type":"clicklike","fromUser":"104763","toUser":"all","roomid":"2"}
[2017-07-06 16:31:04] {"type":"clicklike","fromUser":"104763","toUser":"all","roomid":"2"}
[2017-07-06 16:31:08] {"type":"userLeave","fromUser":"104763","toUser":"all","nickname":"","roomid":"2"}
[2017-07-06 16:31:08] {"type":"userLeave","fromUser":"104763","toUser":"all","nickname":"","roomid":"2"}
[2017-07-06 16:32:02] {"type":"userEnter","fromUser":"104768","toUser":"all","nickname":"","role":null,"banned":false,"roomid":"2"}
[2017-07-06 16:32:02] {"type":"userEnter","fromUser":"104768","toUser":"all","nickname":"","role":null,"banned":false,"roomid":"2"}
[2017-07-06 16:32:02] {"type":"connected","fromUser":"system","toUser":233,"banned":{"all":false,"self":false},"online":3,"settings":{"canat":0,"canrepeal":0,"virtual":0,"virtualadd":0,"status":1}}
[2017-07-06 16:32:51] {"type":"text","fromUser":"69396","toUser":"all","nickname":"\u52b2\u8c6a","text":"\u7edd\u7248\u9732\u8425","msgid":"9a4d3eb56c9b5716656b00ba5c40689e","roomid":"2","self":1}
[2017-07-06 16:32:51] {"type":"text","fromUser":"69396","toUser":"all","nickname":"\u52b2\u8c6a","text":"\u7edd\u7248\u9732\u8425","msgid":"9a4d3eb56c9b5716656b00ba5c40689e","roomid":"2"}
[2017-07-06 16:35:47] {"type":"userLeave","fromUser":"69396","toUser":"all","nickname":"\u52b2\u8c6a","roomid":"2"}
[2017-07-06 16:36:14] {"type":"userEnter","fromUser":"104773","toUser":"all","nickname":"","role":null,"banned":false,"roomid":"2"}
[2017-07-06 16:36:14] {"type":"userEnter","fromUser":"104773","toUser":"all","nickname":"","role":null,"banned":false,"roomid":"2"}
[2017-07-06 16:36:14] {"type":"connected","fromUser":"system","toUser":236,"banned":{"all":false,"self":false},"online":2,"settings":{"canat":0,"canrepeal":0,"virtual":0,"virtualadd":0,"status":1}}
[2017-07-06 16:36:46] {"type":"userLeave","fromUser":"104773","toUser":"all","nickname":"","roomid":"2"}
[2017-07-06 16:37:00] {"type":"userEnter","fromUser":"104772","toUser":"all","nickname":"","role":null,"banned":false,"roomid":"2"}
[2017-07-06 16:37:00] {"type":"connected","fromUser":"system","toUser":237,"banned":{"all":false,"self":false},"online":2,"settings":{"canat":0,"canrepeal":0,"virtual":0,"virtualadd":0,"status":1}}
[2017-07-06 16:37:20] {"type":"userLeave","fromUser":"104772","toUser":"all","nickname":"","roomid":"2"}
[2017-07-06 16:40:14] {"type":"userEnter","fromUser":"104777","toUser":"all","nickname":"","role":null,"banned":false,"roomid":"2"}
[2017-07-06 16:40:14] {"type":"userEnter","fromUser":"104777","toUser":"all","nickname":"","role":null,"banned":false,"roomid":"2"}
[2017-07-06 16:40:14] {"type":"connected","fromUser":"system","toUser":242,"banned":{"all":false,"self":false},"online":2,"settings":{"canat":0,"canrepeal":0,"virtual":0,"virtualadd":0,"status":1}}
[2017-07-06 16:40:22] {"type":"userLeave","fromUser":"104777","toUser":"all","nickname":"","roomid":"2"}
[2017-07-06 16:41:09] {"type":"userEnter","fromUser":"104778","toUser":"all","nickname":"","role":null,"banned":false,"roomid":"2"}
[2017-07-06 16:41:09] {"type":"connected","fromUser":"system","toUser":244,"banned":{"all":false,"self":false},"online":2,"settings":{"canat":0,"canrepeal":0,"virtual":0,"virtualadd":0,"status":1}}
[2017-07-06 16:41:33] {"type":"userLeave","fromUser":"104778","toUser":"all","nickname":"","roomid":"2"}
[2017-07-06 16:41:57] {"type":"userEnter","fromUser":"104779","toUser":"all","nickname":"","role":null,"banned":false,"roomid":"2"}
[2017-07-06 16:41:57] {"type":"connected","fromUser":"system","toUser":245,"banned":{"all":false,"self":false},"online":2,"settings":{"canat":0,"canrepeal":0,"virtual":0,"virtualadd":0,"status":1}}
[2017-07-06 16:44:34] {"type":"connected","fromUser":"system","toUser":246,"banned":{"all":false,"self":false},"online":1,"settings":{"canat":0,"canrepeal":0,"virtual":0,"virtualadd":0,"status":1}}
[2017-07-06 16:45:04] {"type":"connected","fromUser":"system","toUser":248,"banned":{"all":false,"self":false},"online":1,"settings":{"canat":0,"canrepeal":0,"virtual":0,"virtualadd":0,"status":1}}
[2017-07-06 16:45:30] {"type":"clicklike","fromUser":"104783","toUser":"all","roomid":"2"}
[2017-07-06 16:46:24] {"type":"userLeave","fromUser":"104783","toUser":"all","nickname":"","roomid":"2"}
[2017-07-06 16:49:12] {"type":"connected","fromUser":"system","toUser":251,"banned":{"all":false,"self":false},"online":1,"settings":{"canat":0,"canrepeal":0,"virtual":0,"virtualadd":0,"status":1}}
[2017-07-06 16:50:15] {"type":"connected","fromUser":"system","toUser":252,"banned":{"all":false,"self":false},"online":1,"settings":{"canat":0,"canrepeal":0,"virtual":0,"virtualadd":0,"status":1}}
[2017-07-06 16:50:58] {"type":"connected","fromUser":"system","toUser":254,"banned":{"all":false,"self":false},"online":1,"settings":{"canat":0,"canrepeal":0,"virtual":0,"virtualadd":0,"status":1}}
[2017-07-06 16:52:20] {"type":"text","fromUser":"104779","toUser":"all","nickname":"","text":"[\u7591\u95ee][\u6109\u5feb]","msgid":"3ac07d5bb69620e47a5d70cf049b4e78","roomid":"2","self":1}
[2017-07-06 16:54:15] {"type":"connected","fromUser":"system","toUser":256,"banned":{"all":false,"self":false},"online":1,"settings":{"canat":0,"canrepeal":0,"virtual":0,"virtualadd":0,"status":1}}
[2017-07-06 17:01:30] {"type":"connected","fromUser":"system","toUser":257,"banned":{"all":false,"self":false},"online":1,"settings":{"canat":0,"canrepeal":0,"virtual":0,"virtualadd":0,"status":1}}
[2017-07-06 17:07:03] {"type":"connected","fromUser":"system","toUser":258,"banned":{"all":false,"self":false},"online":1,"settings":{"canat":0,"canrepeal":0,"virtual":0,"virtualadd":0,"status":1}}
[2017-07-06 17:07:08] {"type":"userEnter","fromUser":"104766","toUser":"all","nickname":"","role":null,"banned":false,"roomid":"2"}
[2017-07-06 17:07:08] {"type":"connected","fromUser":"system","toUser":259,"banned":{"all":false,"self":false},"online":2,"settings":{"canat":0,"canrepeal":0,"virtual":0,"virtualadd":0,"status":1}}
[2017-07-06 17:07:08] {"type":"userLeave","fromUser":"104795","toUser":"all","nickname":"","roomid":"2"}
[2017-07-06 17:07:13] {"type":"userEnter","fromUser":"104795","toUser":"all","nickname":"","role":null,"banned":false,"roomid":"2"}
[2017-07-06 17:07:13] {"type":"connected","fromUser":"system","toUser":260,"banned":{"all":false,"self":false},"online":2,"settings":{"canat":0,"canrepeal":0,"virtual":0,"virtualadd":0,"status":1}}
[2017-07-06 17:07:26] {"type":"userLeave","fromUser":"104795","toUser":"all","nickname":"","roomid":"2"}
[2017-07-06 17:21:10] {"type":"connected","fromUser":"system","toUser":262,"banned":{"all":false,"self":false},"online":1,"settings":{"canat":0,"canrepeal":0,"virtual":0,"virtualadd":0,"status":1}}
[2017-07-06 17:29:55] {"type":"connected","fromUser":"system","toUser":263,"banned":{"all":false,"self":false},"online":1,"settings":{"canat":0,"canrepeal":0,"virtual":0,"virtualadd":0,"status":1}}
[2017-07-06 17:36:54] {"type":"connected","fromUser":"system","toUser":264,"banned":{"all":false,"self":false},"online":1,"settings":{"canat":0,"canrepeal":0,"virtual":0,"virtualadd":0,"status":1}}
[2017-07-06 17:38:10] {"type":"text","fromUser":"104822","toUser":"all","nickname":"","text":"[\u53d1\u5446][\u53d1\u5446]","msgid":"270d4aa4a009da8dfa58e7abc8680b72","roomid":"2","self":1}
[2017-07-06 17:46:17] {"type":"connected","fromUser":"system","toUser":265,"banned":{"all":false,"self":false},"online":1,"settings":{"canat":0,"canrepeal":0,"virtual":0,"virtualadd":0,"status":1}}
[2017-07-06 17:46:35] {"type":"userEnter","fromUser":"104826","toUser":"all","nickname":"","role":null,"banned":false,"roomid":"2"}
[2017-07-06 17:46:35] {"type":"connected","fromUser":"system","toUser":266,"banned":{"all":false,"self":false},"online":2,"settings":{"canat":0,"canrepeal":0,"virtual":0,"virtualadd":0,"status":1}}
[2017-07-06 17:46:40] {"type":"userLeave","fromUser":"104825","toUser":"all","nickname":"","roomid":"2"}
[2017-07-06 17:52:25] {"type":"connected","fromUser":"system","toUser":267,"banned":{"all":false,"self":false},"online":1,"settings":{"canat":0,"canrepeal":0,"virtual":0,"virtualadd":0,"status":1}}
[2017-07-06 17:52:47] {"type":"connected","fromUser":"system","toUser":268,"banned":{"all":false,"self":false},"online":1,"settings":{"canat":0,"canrepeal":0,"virtual":0,"virtualadd":0,"status":1}}
[2017-07-06 18:08:37] {"type":"connected","fromUser":"system","toUser":269,"banned":{"all":false,"self":false},"online":1,"settings":{"canat":0,"canrepeal":0,"virtual":0,"virtualadd":0,"status":1}}
[2017-07-06 18:15:06] {"type":"connected","fromUser":"system","toUser":270,"banned":{"all":false,"self":false},"online":1,"settings":{"canat":0,"canrepeal":0,"virtual":0,"virtualadd":0,"status":1}}
[2017-07-06 18:33:10] {"type":"connected","fromUser":"system","toUser":271,"banned":{"all":false,"self":false},"online":1,"settings":{"canat":0,"canrepeal":0,"virtual":0,"virtualadd":0,"status":1}}
[2017-07-06 18:58:31] {"type":"connected","fromUser":"system","toUser":272,"banned":{"all":false,"self":false},"online":1,"settings":{"canat":0,"canrepeal":0,"virtual":0,"virtualadd":0,"status":1}}
[2017-07-06 19:04:52] {"type":"connected","fromUser":"system","toUser":273,"banned":{"all":false,"self":false},"online":1,"settings":{"canat":0,"canrepeal":0,"virtual":0,"virtualadd":0,"status":1}}
[2017-07-06 19:05:01] {"type":"text","fromUser":"104762","toUser":"all","nickname":"","text":"\u54c8\u54c8\u54c8","msgid":"14991542876b6469d4f8e4fae5c405b4","roomid":"2","self":1}
[2017-07-06 19:06:07] {"type":"connected","fromUser":"system","toUser":274,"banned":{"all":false,"self":false},"online":1,"settings":{"canat":0,"canrepeal":0,"virtual":0,"virtualadd":0,"status":1}}
[2017-07-06 19:07:20] {"type":"connected","fromUser":"system","toUser":275,"banned":{"all":false,"self":false},"online":1,"settings":{"canat":0,"canrepeal":0,"virtual":0,"virtualadd":0,"status":1}}
[2017-07-06 19:07:35] {"type":"repeal","fromUser":"104762","toUser":"all","nickname":"","msgid":"14991542876b6469d4f8e4fae5c405b4","roomid":"2","self":1}
[2017-07-06 19:07:44] {"type":"connected","fromUser":"system","toUser":276,"banned":{"all":false,"self":false},"online":1,"settings":{"canat":0,"canrepeal":0,"virtual":0,"virtualadd":0,"status":1}}
[2017-07-06 19:08:42] {"type":"userEnter","fromUser":"104762","toUser":"all","nickname":"","role":null,"banned":false,"roomid":"2"}
[2017-07-06 19:08:42] {"type":"connected","fromUser":"system","toUser":277,"banned":{"all":false,"self":false},"online":2,"settings":{"canat":0,"canrepeal":0,"virtual":0,"virtualadd":0,"status":1}}
[2017-07-06 19:09:00] {"type":"userLeave","fromUser":"104860","toUser":"all","nickname":"","roomid":"2"}
[2017-07-06 19:09:51] {"type":"text","fromUser":"104762","toUser":"all","nickname":"","text":"\u53ef\u4ee5\u8d2d\u4e70\u793c\u7269\uff1f","msgid":"678c6b2d0011f1994bb2f71d15cd45a9","roomid":"2","self":1}
[2017-07-06 19:10:06] {"type":"text","fromUser":"104762","toUser":"all","nickname":"","text":"@\u8c22\u6167","msgid":"316cdca20e622a31b18052092f40ed4f","roomid":"2","self":1}
[2017-07-06 19:16:23] {"type":"connected","fromUser":"system","toUser":278,"banned":{"all":false,"self":false},"online":1,"settings":{"canat":0,"canrepeal":0,"virtual":0,"virtualadd":0,"status":1}}
[2017-07-06 19:44:56] {"type":"connected","fromUser":"system","toUser":279,"banned":{"all":false,"self":false},"online":1,"settings":{"canat":0,"canrepeal":0,"virtual":0,"virtualadd":0,"status":1}}
[2017-07-06 19:51:47] {"type":"connected","fromUser":"system","toUser":280,"banned":{"all":false,"self":false},"online":1,"settings":{"canat":0,"canrepeal":0,"virtual":0,"virtualadd":0,"status":1}}
[2017-07-06 20:41:37] {"type":"connected","fromUser":"system","toUser":281,"banned":{"all":false,"self":false},"online":1,"settings":{"canat":0,"canrepeal":0,"virtual":0,"virtualadd":0,"status":1}}
[2017-07-06 21:47:34] {"type":"connected","fromUser":"system","toUser":282,"banned":{"all":false,"self":false},"online":1,"settings":{"canat":0,"canrepeal":0,"virtual":0,"virtualadd":0,"status":1}}
[2017-07-06 22:32:40] {"type":"connected","fromUser":"system","toUser":283,"banned":{"all":false,"self":false},"online":1,"settings":{"canat":0,"canrepeal":0,"virtual":0,"virtualadd":0,"status":1}}
[2017-07-07 00:55:51] {"type":"connected","fromUser":"system","toUser":284,"banned":{"all":false,"self":false},"online":1,"settings":{"canat":0,"canrepeal":0,"virtual":0,"virtualadd":0,"status":1}}
[2017-07-07 22:12:09] {"type":"connected","fromUser":"system","toUser":285,"banned":{"all":false,"self":false},"online":1,"settings":{"canat":0,"canrepeal":0,"virtual":0,"virtualadd":0,"status":1}}
[2017-07-07 22:15:47] {"type":"connected","fromUser":"system","toUser":287,"banned":{"all":false,"self":false},"online":1,"settings":{"canat":0,"canrepeal":0,"virtual":0,"virtualadd":0,"status":1}}
[2017-07-07 22:17:46] {"type":"connected","fromUser":"system","toUser":288,"banned":{"all":false,"self":false},"online":1,"settings":{"canat":0,"canrepeal":0,"virtual":0,"virtualadd":0,"status":1}}
[2017-07-07 22:22:16] {"type":"connected","fromUser":"system","toUser":289,"banned":{"all":false,"self":false},"online":1,"settings":{"canat":0,"canrepeal":0,"virtual":0,"virtualadd":0,"status":1}}
[2017-07-07 22:22:35] {"type":"connected","fromUser":"system","toUser":290,"banned":{"all":false,"self":false},"online":1,"settings":{"canat":0,"canrepeal":0,"virtual":0,"virtualadd":0,"status":1}}
[2017-07-07 22:23:25] {"type":"connected","fromUser":"system","toUser":291,"banned":{"all":false,"self":false},"online":1,"settings":{"canat":0,"canrepeal":0,"virtual":0,"virtualadd":0,"status":1}}
[2017-07-07 22:23:53] {"type":"connected","fromUser":"system","toUser":292,"banned":{"all":false,"self":false},"online":1,"settings":{"canat":0,"canrepeal":0,"virtual":0,"virtualadd":0,"status":1}}
[2017-07-07 22:24:57] {"type":"connected","fromUser":"system","toUser":293,"banned":{"all":false,"self":false},"online":1,"settings":{"canat":0,"canrepeal":0,"virtual":0,"virtualadd":0,"status":1}}
[2017-07-07 22:34:15] {"type":"connected","fromUser":"system","toUser":294,"banned":{"all":false,"self":false},"online":1,"settings":{"canat":0,"canrepeal":0,"virtual":0,"virtualadd":0,"status":1}}
[2017-07-07 22:34:35] {"type":"text","fromUser":"105123","toUser":"all","nickname":"AAAAA\u5b9c\u7396","text":"[\u5f3a]","msgid":"0a1091dc6bdc6a6dc61530632ec4dfa9","roomid":"2","self":1}
[2017-07-07 22:34:54] {"type":"text","fromUser":"105123","toUser":"all","nickname":"AAAAA\u5b9c\u7396","text":"\u52b2\u8c6a\u670b\u53cb\uff1f","msgid":"894a08eebe4acc61ef52d8e2b32bee07","roomid":"2","self":1}
[2017-07-07 22:37:22] {"type":"connected","fromUser":"system","toUser":295,"banned":{"all":false,"self":false},"online":1,"settings":{"canat":0,"canrepeal":0,"virtual":0,"virtualadd":0,"status":1}}
[2017-07-07 22:40:20] {"type":"connected","fromUser":"system","toUser":297,"banned":{"all":false,"self":false},"online":1,"settings":{"canat":0,"canrepeal":0,"virtual":0,"virtualadd":0,"status":1}}
[2017-07-07 22:50:17] {"type":"connected","fromUser":"system","toUser":298,"banned":{"all":false,"self":false},"online":1,"settings":{"canat":0,"canrepeal":0,"virtual":0,"virtualadd":0,"status":1}}
[2017-07-07 23:23:43] {"type":"connected","fromUser":"system","toUser":301,"banned":{"all":false,"self":false},"online":1,"settings":{"canat":0,"canrepeal":0,"virtual":0,"virtualadd":0,"status":1}}
[2017-07-07 23:24:06] {"type":"text","fromUser":"69393","toUser":"all","nickname":"\u9047\u89c1","text":"\u65c5\u6e38\u641e\u8d77\u554a","msgid":"0336982f56120bbdb866cd263bdbe4f1","roomid":"2","self":1}
[2017-07-07 23:36:23] {"type":"connected","fromUser":"system","toUser":302,"banned":{"all":false,"self":false},"online":1,"settings":{"canat":0,"canrepeal":0,"virtual":0,"virtualadd":0,"status":1}}
[2017-07-07 23:36:55] {"type":"userEnter","fromUser":"69393","toUser":"all","nickname":"\u9047\u89c1","role":null,"banned":false,"roomid":"2"}
[2017-07-07 23:36:55] {"type":"connected","fromUser":"system","toUser":303,"banned":{"all":false,"self":false},"online":2,"settings":{"canat":0,"canrepeal":0,"virtual":0,"virtualadd":0,"status":1}}
[2017-07-07 23:37:07] {"type":"userLeave","fromUser":"105159","toUser":"all","nickname":"\u65e0\u6028\u65e0\u6094","roomid":"2"}
[2017-07-07 23:37:11] {"type":"userEnter","fromUser":"105159","toUser":"all","nickname":"\u65e0\u6028\u65e0\u6094","role":null,"banned":false,"roomid":"2"}
[2017-07-07 23:37:11] {"type":"connected","fromUser":"system","toUser":304,"banned":{"all":false,"self":false},"online":1,"settings":{"canat":0,"canrepeal":0,"virtual":0,"virtualadd":0,"status":1}}
[2017-07-08 00:13:22] {"type":"connected","fromUser":"system","toUser":305,"banned":{"all":false,"self":false},"online":1,"settings":{"canat":0,"canrepeal":0,"virtual":0,"virtualadd":0,"status":1}}
[2017-07-08 03:19:27] {"type":"connected","fromUser":"system","toUser":306,"banned":{"all":false,"self":false},"online":1,"settings":{"canat":0,"canrepeal":0,"virtual":0,"virtualadd":0,"status":1}}
[2017-07-08 03:19:53] {"type":"text","fromUser":"105193","toUser":"all","nickname":"\u9e4f","text":"[\u5fae\u7b11]","msgid":"1a4a560ec336483104779a0c36719793","roomid":"2","self":1}
[2017-07-08 03:20:25] {"type":"text","fromUser":"105193","toUser":"all","nickname":"\u9e4f","text":"\u8fd8\u5728\u7ebf\u554a","msgid":"a849dc6732d61c48e6bcf8d526b59c4b","roomid":"2","self":1}
[2017-07-08 03:21:48] {"type":"connected","fromUser":"system","toUser":307,"banned":{"all":false,"self":false},"online":1,"settings":{"canat":0,"canrepeal":0,"virtual":0,"virtualadd":0,"status":1}}
[2017-07-08 09:59:06] {"type":"connected","fromUser":"system","toUser":308,"banned":{"all":false,"self":false},"online":1,"settings":{"canat":0,"canrepeal":0,"virtual":0,"virtualadd":0,"status":1}}
[2017-07-08 10:00:39] {"type":"connected","fromUser":"system","toUser":309,"banned":{"all":false,"self":false},"online":1,"settings":{"canat":0,"canrepeal":0,"virtual":0,"virtualadd":0,"status":1}}
[2017-07-08 10:01:12] {"type":"text","fromUser":"105270","toUser":"all","nickname":"\u4f55\u9e4f","text":"[\u5f3a]","msgid":"fee9b60ef3db4799b3cc5bda62f5902a","roomid":"2","self":1}
[2017-07-08 10:03:15] {"type":"connected","fromUser":"system","toUser":310,"banned":{"all":false,"self":false},"online":1,"settings":{"canat":0,"canrepeal":0,"virtual":0,"virtualadd":0,"status":1}}
[2017-07-08 10:05:07] {"type":"connected","fromUser":"system","toUser":311,"banned":{"all":false,"self":false},"online":1,"settings":{"canat":0,"canrepeal":0,"virtual":0,"virtualadd":0,"status":1}}
[2017-07-08 10:05:29] {"type":"text","fromUser":"105270","toUser":"all","nickname":"\u4f55\u9e4f","text":"\u76f4\u64ad\u4e86\u4f60","msgid":"d7d6f1a899e6b51d02ed5c68e2b5ff7b","roomid":"2","self":1}
[2017-07-08 10:40:45] {"type":"connected","fromUser":"system","toUser":312,"banned":{"all":false,"self":false},"online":1,"settings":{"canat":0,"canrepeal":0,"virtual":0,"virtualadd":0,"status":1}}
[2017-07-08 10:53:34] {"type":"connected","fromUser":"system","toUser":313,"banned":{"all":false,"self":false},"online":1,"settings":{"canat":0,"canrepeal":0,"virtual":0,"virtualadd":0,"status":1}}
[2017-07-08 10:54:40] {"type":"connected","fromUser":"system","toUser":314,"banned":{"all":false,"self":false},"online":1,"settings":{"canat":0,"canrepeal":0,"virtual":0,"virtualadd":0,"status":1}}
[2017-07-08 11:52:32] {"type":"connected","fromUser":"system","toUser":316,"banned":{"all":false,"self":false},"online":1,"settings":{"canat":0,"canrepeal":0,"virtual":0,"virtualadd":0,"status":1}}
[2017-07-08 12:34:03] {"type":"connected","fromUser":"system","toUser":317,"banned":{"all":false,"self":false},"online":1,"settings":{"canat":0,"canrepeal":0,"virtual":0,"virtualadd":0,"status":1}}
[2017-07-08 13:08:03] {"type":"connected","fromUser":"system","toUser":318,"banned":{"all":false,"self":false},"online":1,"settings":{"canat":0,"canrepeal":0,"virtual":0,"virtualadd":0,"status":1}}
[2017-07-08 13:10:11] {"type":"repeal","fromUser":"105270","toUser":"all","nickname":"\u4f55\u9e4f","msgid":"d7d6f1a899e6b51d02ed5c68e2b5ff7b","roomid":"2","self":1}
[2017-07-08 13:10:58] {"type":"connected","fromUser":"system","toUser":319,"banned":{"all":false,"self":false},"online":1,"settings":{"canat":0,"canrepeal":0,"virtual":0,"virtualadd":0,"status":1}}
[2017-07-08 13:29:14] {"type":"connected","fromUser":"system","toUser":320,"banned":{"all":false,"self":false},"online":1,"settings":{"canat":0,"canrepeal":0,"virtual":0,"virtualadd":0,"status":1}}
[2017-07-08 13:31:35] {"type":"repeal","fromUser":"105270","toUser":"all","nickname":"\u4f55\u9e4f","msgid":"fee9b60ef3db4799b3cc5bda62f5902a","roomid":"2","self":1}
[2017-07-08 15:37:31] {"type":"connected","fromUser":"system","toUser":321,"banned":{"all":false,"self":false},"online":1,"settings":{"canat":0,"canrepeal":0,"virtual":0,"virtualadd":0,"status":1}}
[2017-07-08 16:30:21] {"type":"connected","fromUser":"system","toUser":322,"banned":{"all":false,"self":false},"online":1,"settings":{"canat":0,"canrepeal":0,"virtual":0,"virtualadd":0,"status":1}}
[2017-07-08 18:50:03] {"type":"connected","fromUser":"system","toUser":324,"banned":{"all":false,"self":false},"online":1,"settings":{"canat":0,"canrepeal":0,"virtual":0,"virtualadd":0,"status":1}}
[2017-07-08 18:50:49] {"type":"text","fromUser":"105863","toUser":"all","nickname":"\u4e14\u884c\u4e14\u73cd\u60dc","text":"\u7f8e","msgid":"b1e55bc78c99a2c953d06ccc708c5283","roomid":"2","self":1}
[2017-07-08 18:56:55] {"type":"userEnter","fromUser":"105867","toUser":"all","nickname":"\u4e61\u4e1d\u60c5\u73b0\u505a\u8695\u4e1d\u88ab-\u5c0f\u9646","role":null,"banned":false,"roomid":"2"}
[2017-07-08 18:56:55] {"type":"connected","fromUser":"system","toUser":325,"banned":{"all":false,"self":false},"online":2,"settings":{"canat":0,"canrepeal":0,"virtual":0,"virtualadd":0,"status":1}}
[2017-07-08 18:56:58] {"type":"userLeave","fromUser":"105863","toUser":"all","nickname":"\u4e14\u884c\u4e14\u73cd\u60dc","roomid":"2"}
[2017-07-08 18:59:14] {"type":"connected","fromUser":"system","toUser":326,"banned":{"all":false,"self":false},"online":1,"settings":{"canat":0,"canrepeal":0,"virtual":0,"virtualadd":0,"status":1}}
[2017-07-08 19:00:02] {"type":"connected","fromUser":"system","toUser":327,"banned":{"all":false,"self":false},"online":1,"settings":{"canat":0,"canrepeal":0,"virtual":0,"virtualadd":0,"status":1}}
[2017-07-08 19:17:08] {"type":"connected","fromUser":"system","toUser":328,"banned":{"all":false,"self":false},"online":1,"settings":{"canat":0,"canrepeal":0,"virtual":0,"virtualadd":0,"status":1}}
[2017-07-08 19:18:19] {"type":"text","fromUser":"105934","toUser":"all","nickname":"\u6d6e\u751f","text":"\u5236\u670d\uff1f","msgid":"df2851bd4f61ce92b0c0b8692f2d37f7","roomid":"2","self":1}
[2017-07-08 19:20:27] {"type":"text","fromUser":"105934","toUser":"all","nickname":"\u6d6e\u751f","text":"\u90a3\u662f","msgid":"6065e25df7de87f5500551a40acc6dd3","roomid":"2","self":1}
[2017-07-08 19:20:55] {"type":"text","fromUser":"105934","toUser":"all","nickname":"\u6d6e\u751f","text":"\u6263\u5b50\u6389\u4e86","msgid":"3249e76a919c51dd03eab6f53ca8293e","roomid":"2","self":1}
[2017-07-08 19:22:00] {"type":"connected","fromUser":"system","toUser":329,"banned":{"all":false,"self":false},"online":1,"settings":{"canat":0,"canrepeal":0,"virtual":0,"virtualadd":0,"status":1}}
[2017-07-08 19:56:58] {"type":"connected","fromUser":"system","toUser":330,"banned":{"all":false,"self":false},"online":1,"settings":{"canat":0,"canrepeal":0,"virtual":0,"virtualadd":0,"status":1}}
[2017-07-08 20:44:39] {"type":"connected","fromUser":"system","toUser":331,"banned":{"all":false,"self":false},"online":1,"settings":{"canat":0,"canrepeal":0,"virtual":0,"virtualadd":0,"status":1}}
[2017-07-08 20:45:05] {"type":"connected","fromUser":"system","toUser":332,"banned":{"all":false,"self":false},"online":1,"settings":{"canat":0,"canrepeal":0,"virtual":0,"virtualadd":0,"status":1}}
[2017-07-09 09:08:50] {"type":"connected","fromUser":"system","toUser":333,"banned":{"all":false,"self":false},"online":1,"settings":{"canat":0,"canrepeal":0,"virtual":0,"virtualadd":0,"status":1}}
[2017-07-09 16:21:43] {"type":"connected","fromUser":"system","toUser":335,"banned":{"all":false,"self":false},"online":1,"settings":{"canat":0,"canrepeal":0,"virtual":0,"virtualadd":0,"status":1}}
[2017-07-09 17:44:30] {"type":"connected","fromUser":"system","toUser":336,"banned":{"all":false,"self":false},"online":1,"settings":{"canat":0,"canrepeal":0,"virtual":0,"virtualadd":0,"status":1}}
[2017-07-10 13:39:33] {"type":"connected","fromUser":"system","toUser":337,"banned":{"all":false,"self":false},"online":1,"settings":{"canat":0,"canrepeal":0,"virtual":0,"virtualadd":0,"status":1}}
[2017-07-10 16:22:43] {"type":"connected","fromUser":"system","toUser":338,"banned":{"all":false,"self":false},"online":1,"settings":{"canat":0,"canrepeal":0,"virtual":0,"virtualadd":0,"status":1}}
[2017-07-10 16:23:42] {"type":"text","fromUser":"105270","toUser":"all","nickname":"\u4f55\u9e4f","text":"[\u73ab\u7470]","msgid":"a849e5a38838c8b56ec085c86a657a8b","roomid":"2","self":1}
[2017-07-10 21:31:18] {"type":"connected","fromUser":"system","toUser":339,"banned":{"all":false,"self":false},"online":1,"settings":{"canat":1,"canrepeal":1,"virtual":665115,"virtualadd":100,"status":1}}
[2017-07-10 21:31:28] {"type":"text","fromUser":"4397","toUser":"all","nickname":"\u8c22\u6167","text":"\u54c8","msgid":"a5d7a7ba66cf2b2a7f8aae4cc58e3221","roomid":"1","self":1}
[2017-07-11 00:12:47] {"type":"connected","fromUser":"system","toUser":341,"banned":{"all":false,"self":false},"online":1,"settings":{"canat":0,"canrepeal":0,"virtual":0,"virtualadd":0,"status":1}}
[2017-07-11 08:22:04] {"type":"connected","fromUser":"system","toUser":342,"banned":{"all":false,"self":false},"online":1,"settings":{"canat":0,"canrepeal":0,"virtual":0,"virtualadd":0,"status":1}}
[2017-07-11 10:27:41] {"type":"connected","fromUser":"system","toUser":343,"banned":{"all":false,"self":false},"online":1,"settings":{"canat":0,"canrepeal":0,"virtual":0,"virtualadd":0,"status":1}}
[2017-07-11 13:19:53] {"type":"connected","fromUser":"system","toUser":344,"banned":{"all":false,"self":false},"online":1,"settings":{"canat":0,"canrepeal":0,"virtual":0,"virtualadd":0,"status":1}}
[2017-07-11 13:19:54] {"type":"connected","fromUser":"system","toUser":345,"banned":{"all":false,"self":false},"online":1,"settings":{"canat":0,"canrepeal":0,"virtual":0,"virtualadd":0,"status":1}}
[2017-07-11 13:29:45] {"type":"connected","fromUser":"system","toUser":346,"banned":{"all":false,"self":false},"online":1,"settings":{"canat":0,"canrepeal":0,"virtual":0,"virtualadd":0,"status":1}}
[2017-07-11 13:58:07] {"type":"connected","fromUser":"system","toUser":347,"banned":{"all":false,"self":false},"online":1,"settings":{"canat":0,"canrepeal":0,"virtual":0,"virtualadd":0,"status":1}}
[2017-07-11 13:58:42] {"type":"connected","fromUser":"system","toUser":348,"banned":{"all":false,"self":false},"online":1,"settings":{"canat":0,"canrepeal":0,"virtual":0,"virtualadd":0,"status":1}}
[2017-07-11 14:00:07] {"type":"connected","fromUser":"system","toUser":349,"banned":{"all":false,"self":false},"online":1,"settings":{"canat":0,"canrepeal":0,"virtual":0,"virtualadd":0,"status":1}}
[2017-07-11 14:00:50] {"type":"text","fromUser":"106637","toUser":"all","nickname":"A\u674e\u76ca","text":"[\u5bb3\u7f9e][\u5bb3\u7f9e]","msgid":"a4d414096e5420ea408b88b4c82664c0","roomid":"2","self":1}
[2017-07-11 14:01:09] {"type":"connected","fromUser":"system","toUser":350,"banned":{"all":false,"self":false},"online":1,"settings":{"canat":0,"canrepeal":0,"virtual":0,"virtualadd":0,"status":1}}
[2017-07-11 14:01:19] {"type":"text","fromUser":"106637","toUser":"all","nickname":"A\u674e\u76ca","text":"[\u5fae\u7b11]","msgid":"4ab62878b9fb2bdb3fe0b8ac0270a48e","roomid":"2","self":1}
[2017-07-11 14:01:41] {"type":"userEnter","fromUser":"104763","toUser":"all","nickname":"\u6556\u8c26","role":null,"banned":false,"roomid":"2"}
[2017-07-11 14:01:41] {"type":"connected","fromUser":"system","toUser":351,"banned":{"all":false,"self":false},"online":2,"settings":{"canat":0,"canrepeal":0,"virtual":0,"virtualadd":0,"status":1}}
[2017-07-11 14:01:48] {"type":"text","fromUser":"104763","toUser":"all","nickname":"\u6556\u8c26","text":"\u54c8\u54c8","msgid":"7e7f714740861a774aaff3200647583f","roomid":"2"}
[2017-07-11 14:02:15] {"type":"userEnter","fromUser":"104763","toUser":"all","nickname":"\u6556\u8c26","role":null,"banned":false,"roomid":"2"}
[2017-07-11 14:02:15] {"type":"connected","fromUser":"system","toUser":353,"banned":{"all":false,"self":false},"online":2,"settings":{"canat":0,"canrepeal":0,"virtual":0,"virtualadd":0,"status":1}}
[2017-07-11 14:02:27] {"type":"userLeave","fromUser":"106637","toUser":"all","nickname":"A\u674e\u76ca","roomid":"2"}
[2017-07-11 14:02:28] {"type":"text","fromUser":"104763","toUser":"all","nickname":"\u6556\u8c26","text":"[\u5f3a]","msgid":"830c428abb70aad896de599625887bc3","roomid":"2","self":1}
[2017-07-11 14:02:31] {"type":"userEnter","fromUser":"106637","toUser":"all","nickname":"A\u674e\u76ca","role":null,"banned":false,"roomid":"2"}
[2017-07-11 14:02:31] {"type":"connected","fromUser":"system","toUser":354,"banned":{"all":false,"self":false},"online":2,"settings":{"canat":0,"canrepeal":0,"virtual":0,"virtualadd":0,"status":1}}
[2017-07-11 14:02:37] {"type":"clicklike","fromUser":"104763","toUser":"all","roomid":"2"}
[2017-07-11 14:03:19] {"type":"userEnter","fromUser":"104763","toUser":"all","nickname":"\u6556\u8c26","role":null,"banned":false,"roomid":"2"}
[2017-07-11 14:03:19] {"type":"connected","fromUser":"system","toUser":357,"banned":{"all":false,"self":false},"online":2,"settings":{"canat":0,"canrepeal":0,"virtual":0,"virtualadd":0,"status":1}}
[2017-07-11 14:03:20] {"type":"userLeave","fromUser":"104763","toUser":"all","nickname":"\u6556\u8c26","roomid":"2"}
[2017-07-11 14:04:08] {"type":"userEnter","fromUser":"104763","toUser":"all","nickname":"\u6556\u8c26","role":null,"banned":false,"roomid":"2"}
[2017-07-11 14:04:08] {"type":"connected","fromUser":"system","toUser":359,"banned":{"all":false,"self":false},"online":1,"settings":{"canat":0,"canrepeal":0,"virtual":0,"virtualadd":0,"status":1}}
[2017-07-11 14:04:28] {"type":"connected","fromUser":"system","toUser":360,"banned":{"all":false,"self":false},"online":1,"settings":{"canat":0,"canrepeal":0,"virtual":0,"virtualadd":0,"status":1}}
[2017-07-11 14:05:41] {"type":"connected","fromUser":"system","toUser":362,"banned":{"all":false,"self":false},"online":1,"settings":{"canat":0,"canrepeal":0,"virtual":0,"virtualadd":0,"status":1}}
[2017-07-11 14:06:57] {"type":"userEnter","fromUser":"106637","toUser":"all","nickname":"A\u674e\u76ca","role":null,"banned":false,"roomid":"2"}
[2017-07-11 14:06:57] {"type":"connected","fromUser":"system","toUser":364,"banned":{"all":false,"self":false},"online":2,"settings":{"canat":0,"canrepeal":0,"virtual":0,"virtualadd":0,"status":1}}
[2017-07-11 14:06:57] {"type":"userLeave","fromUser":"106637","toUser":"all","nickname":"A\u674e\u76ca","roomid":"2"}
[2017-07-11 14:08:26] {"type":"connected","fromUser":"system","toUser":367,"banned":{"all":false,"self":false},"online":1,"settings":{"canat":0,"canrepeal":0,"virtual":0,"virtualadd":0,"status":1}}
[2017-07-11 14:08:30] {"type":"userEnter","fromUser":"106637","toUser":"all","nickname":"A\u674e\u76ca","role":null,"banned":false,"roomid":"2"}
[2017-07-11 14:08:30] {"type":"connected","fromUser":"system","toUser":368,"banned":{"all":false,"self":false},"online":2,"settings":{"canat":0,"canrepeal":0,"virtual":0,"virtualadd":0,"status":1}}
[2017-07-11 14:08:37] {"type":"clicklike","fromUser":"106637","toUser":"all","roomid":"2"}
[2017-07-11 14:08:41] {"type":"userLeave","fromUser":"106641","toUser":"all","nickname":"M a y \u5973\u826f\u5973\u826f","roomid":"2"}
[2017-07-11 14:09:06] {"type":"connected","fromUser":"system","toUser":369,"banned":{"all":false,"self":false},"online":1,"settings":{"canat":0,"canrepeal":0,"virtual":0,"virtualadd":0,"status":1}}
[2017-07-11 14:10:08] {"type":"connected","fromUser":"system","toUser":370,"banned":{"all":false,"self":false},"online":1,"settings":{"canat":0,"canrepeal":0,"virtual":0,"virtualadd":0,"status":1}}
[2017-07-11 14:11:19] {"type":"userLeave","fromUser":"106642","toUser":"all","nickname":"\u701b","roomid":"2"}
[2017-07-11 14:11:20] {"type":"connected","fromUser":"system","toUser":373,"banned":{"all":false,"self":false},"online":1,"settings":{"canat":0,"canrepeal":0,"virtual":0,"virtualadd":0,"status":1}}
[2017-07-11 14:11:36] {"type":"connected","fromUser":"system","toUser":374,"banned":{"all":false,"self":false},"online":1,"settings":{"canat":0,"canrepeal":0,"virtual":0,"virtualadd":0,"status":1}}
[2017-07-11 14:12:31] {"type":"text","fromUser":"106642","toUser":"all","nickname":"\u701b","text":"yeah","msgid":"94fbac745c8f865af9f30b8d50616d49","roomid":"2","self":1}
[2017-07-11 14:13:59] {"type":"connected","fromUser":"system","toUser":376,"banned":{"all":false,"self":false},"online":1,"settings":{"canat":0,"canrepeal":0,"virtual":0,"virtualadd":0,"status":1}}
[2017-07-11 14:14:31] {"type":"connected","fromUser":"system","toUser":377,"banned":{"all":false,"self":false},"online":1,"settings":{"canat":0,"canrepeal":0,"virtual":0,"virtualadd":0,"status":1}}
[2017-07-11 14:20:33] {"type":"userEnter","fromUser":"106642","toUser":"all","nickname":"\u701b","role":null,"banned":false,"roomid":"2"}
[2017-07-11 14:20:33] {"type":"connected","fromUser":"system","toUser":379,"banned":{"all":false,"self":false},"online":2,"settings":{"canat":0,"canrepeal":0,"virtual":0,"virtualadd":0,"status":1}}
[2017-07-11 14:20:54] {"type":"connected","fromUser":"system","toUser":380,"banned":{"all":false,"self":false},"online":1,"settings":{"canat":0,"canrepeal":0,"virtual":0,"virtualadd":0,"status":1}}
[2017-07-11 14:21:27] {"type":"connected","fromUser":"system","toUser":381,"banned":{"all":false,"self":false},"online":1,"settings":{"canat":0,"canrepeal":0,"virtual":0,"virtualadd":0,"status":1}}
[2017-07-11 14:21:57] {"type":"text","fromUser":"106646","toUser":"all","nickname":"\u591c\u732b\u7a0b\u5e8f\u5458","text":"\u4e3b\u64ad\u7f8e\u7f8e\u7f8e","msgid":"55cfb5957f22772df96c8fcd6d26e215","roomid":"2","self":1}
[2017-07-11 14:22:24] {"type":"connected","fromUser":"system","toUser":382,"banned":{"all":false,"self":false},"online":1,"settings":{"canat":0,"canrepeal":0,"virtual":0,"virtualadd":0,"status":1}}
[2017-07-11 14:23:07] {"type":"connected","fromUser":"system","toUser":384,"banned":{"all":false,"self":false},"online":1,"settings":{"canat":0,"canrepeal":0,"virtual":0,"virtualadd":0,"status":1}}
[2017-07-11 14:23:55] {"type":"userEnter","fromUser":"106649","toUser":"all","nickname":"\u5b8b\u7626\u7626\uff0c","role":null,"banned":false,"roomid":"2"}
[2017-07-11 14:23:55] {"type":"connected","fromUser":"system","toUser":386,"banned":{"all":false,"self":false},"online":2,"settings":{"canat":0,"canrepeal":0,"virtual":0,"virtualadd":0,"status":1}}
[2017-07-11 14:24:10] {"type":"userLeave","fromUser":"106649","toUser":"all","nickname":"\u5b8b\u7626\u7626\uff0c","roomid":"2"}
[2017-07-11 14:24:36] {"type":"userEnter","fromUser":"106649","toUser":"all","nickname":"\u5b8b\u7626\u7626\uff0c","role":null,"banned":false,"roomid":"2"}
[2017-07-11 14:24:36] {"type":"connected","fromUser":"system","toUser":387,"banned":{"all":false,"self":false},"online":2,"settings":{"canat":0,"canrepeal":0,"virtual":0,"virtualadd":0,"status":1}}
[2017-07-11 14:25:11] {"type":"text","fromUser":"106649","toUser":"all","nickname":"\u5b8b\u7626\u7626\uff0c","text":"\u673a\u957f","msgid":"1d27e0aa07dc789de1fb2cf9b76086d9","roomid":"2","self":1}
[2017-07-11 14:40:08] {"type":"connected","fromUser":"system","toUser":388,"banned":{"all":false,"self":false},"online":1,"settings":{"canat":0,"canrepeal":0,"virtual":0,"virtualadd":0,"status":1}}
[2017-07-11 14:40:17] {"type":"connected","fromUser":"system","toUser":389,"banned":{"all":false,"self":false},"online":1,"settings":{"canat":0,"canrepeal":0,"virtual":0,"virtualadd":0,"status":1}}
[2017-07-12 11:02:52] {"type":"connected","fromUser":"system","toUser":391,"banned":{"all":false,"self":false},"online":1,"settings":{"canat":0,"canrepeal":0,"virtual":0,"virtualadd":0,"status":1}}
[2017-07-12 11:03:33] {"type":"connected","fromUser":"system","toUser":392,"banned":{"all":false,"self":false},"online":1,"settings":{"canat":0,"canrepeal":0,"virtual":0,"virtualadd":0,"status":1}}
[2017-07-14 12:07:38] {"type":"connected","fromUser":"system","toUser":393,"banned":{"all":false,"self":false},"online":1,"settings":{"canat":1,"canrepeal":1,"virtual":665315,"virtualadd":100,"status":1}}
[2017-07-14 12:07:52] {"type":"connected","fromUser":"system","toUser":394,"banned":{"all":false,"self":false},"online":1,"settings":{"canat":1,"canrepeal":1,"virtual":665415,"virtualadd":100,"status":1}}
[2017-07-14 14:50:43] {"type":"connected","fromUser":"system","toUser":395,"banned":{"all":false,"self":false},"online":1,"settings":{"canat":1,"canrepeal":1,"virtual":665515,"virtualadd":100,"status":1}}
[2017-07-14 14:56:06] {"type":"userEnter","fromUser":"107345","toUser":"all","nickname":"\u6960\ue054\ue148 \u5fae\u4e16\u754c","role":null,"banned":false,"roomid":"1"}
[2017-07-14 14:56:06] {"type":"connected","fromUser":"system","toUser":398,"banned":{"all":false,"self":false},"online":2,"settings":{"canat":1,"canrepeal":1,"virtual":665815,"virtualadd":100,"status":1}}
[2017-07-14 16:33:20] {"type":"connected","fromUser":"system","toUser":399,"banned":{"all":false,"self":false},"online":1,"settings":{"canat":1,"canrepeal":1,"virtual":665915,"virtualadd":100,"status":1}}
[2017-07-14 20:01:28] {"type":"connected","fromUser":"system","toUser":400,"banned":{"all":false,"self":false},"online":1,"settings":{"canat":0,"canrepeal":0,"virtual":0,"virtualadd":0,"status":1}}
[2017-07-14 20:02:17] {"type":"text","fromUser":"104762","toUser":"all","nickname":"tony","text":"123","msgid":"eef538b14b554c37eb58fd7d65e1cc22","roomid":"2","self":1}
[2017-07-14 20:02:25] {"type":"text","fromUser":"104762","toUser":"all","nickname":"tony","text":"[\u50b2\u6162]","msgid":"a0bb73284b1c49e3ea4070599462eedf","roomid":"2","self":1}
[2017-07-15 01:32:26] {"type":"connected","fromUser":"system","toUser":401,"banned":{"all":false,"self":false},"online":1,"settings":{"canat":0,"canrepeal":0,"virtual":0,"virtualadd":0,"status":1}}
[2017-07-15 20:52:55] {"type":"connected","fromUser":"system","toUser":403,"banned":{"all":false,"self":false},"online":1,"settings":{"canat":0,"canrepeal":0,"virtual":0,"virtualadd":0,"status":1}}
[2017-07-15 20:53:48] {"type":"connected","fromUser":"system","toUser":404,"banned":{"all":false,"self":false},"online":1,"settings":{"canat":0,"canrepeal":0,"virtual":0,"virtualadd":0,"status":1}}
[2017-07-18 03:36:58] {"type":"connected","fromUser":"system","toUser":405,"banned":{"all":false,"self":false},"online":1,"settings":{"canat":0,"canrepeal":0,"virtual":0,"virtualadd":0,"status":1}}
[2017-07-18 05:16:04] {"type":"connected","fromUser":"system","toUser":406,"banned":{"all":false,"self":false},"online":1,"settings":{"canat":0,"canrepeal":0,"virtual":0,"virtualadd":0,"status":1}}
[2017-07-18 05:16:46] {"type":"text","fromUser":"104763","toUser":"all","nickname":"\u6556\u8c26","text":"[\u5472\u7259]","msgid":"cae785bf4be30a7765ecde5aa51ec93e","roomid":"2","self":1}
[2017-07-18 11:37:40] {"type":"connected","fromUser":"system","toUser":407,"banned":{"all":false,"self":false},"online":1,"settings":{"canat":0,"canrepeal":0,"virtual":0,"virtualadd":0,"status":1}}
[2017-07-18 11:39:03] {"type":"connected","fromUser":"system","toUser":408,"banned":{"all":false,"self":false},"online":1,"settings":{"canat":0,"canrepeal":0,"virtual":0,"virtualadd":0,"status":1}}
[2017-07-19 10:50:58] {"type":"connected","fromUser":"system","toUser":411,"banned":{"all":false,"self":false},"online":1,"settings":{"canat":0,"canrepeal":0,"virtual":0,"virtualadd":1,"status":0}}
[2017-07-19 10:51:24] {"type":"userEnter","fromUser":"console_1_founder_103","toUser":"all","nickname":"\u7ba1\u7406\u5458B","role":"manage","banned":false,"roomid":"3"}
[2017-07-19 10:51:24] {"type":"connected","fromUser":"system","toUser":413,"banned":{"all":false,"self":false},"online":2,"settings":{"canat":0,"canrepeal":0,"virtual":0,"virtualadd":1,"status":0},"userList":{"console_1_founder_103":"{\"fd\":413,\"uid\":\"console_1_founder_103\",\"nickname\":\"\\u7ba1\\u7406\\u5458B\",\"uniacid\":\"103\",\"roomid\":\"3\",\"role\":\"manage\"}","4397":"{\"fd\":411,\"uid\":\"4397\",\"nickname\":\"\\u8c22\\u6167\",\"uniacid\":\"103\",\"roomid\":\"3\",\"role\":null}"},"bannedList":[],"bannedNum":0}
[2017-07-19 10:51:56] {"type":"userEnter","fromUser":"console_1_founder_103","toUser":"all","nickname":"\u7ba1\u7406\u5458B","role":"manage","banned":false,"roomid":"3"}
[2017-07-19 10:51:56] {"type":"connected","fromUser":"system","toUser":414,"banned":{"all":false,"self":false},"online":2,"settings":{"canat":0,"canrepeal":0,"virtual":0,"virtualadd":0,"status":1},"userList":{"console_1_founder_103":"{\"fd\":414,\"uid\":\"console_1_founder_103\",\"nickname\":\"\\u7ba1\\u7406\\u5458B\",\"uniacid\":\"103\",\"roomid\":\"3\",\"role\":\"manage\"}","4397":"{\"fd\":411,\"uid\":\"4397\",\"nickname\":\"\\u8c22\\u6167\",\"uniacid\":\"103\",\"roomid\":\"3\",\"role\":null}"},"bannedList":[],"bannedNum":0}
[2017-07-19 10:52:02] {"type":"userLeave","fromUser":"4397","toUser":"all","nickname":"\u8c22\u6167","roomid":"3"}
[2017-07-19 10:52:06] {"type":"userEnter","fromUser":"4397","toUser":"all","nickname":"\u8c22\u6167","role":null,"banned":false,"roomid":"3"}
[2017-07-19 10:52:06] {"type":"connected","fromUser":"system","toUser":415,"banned":{"all":false,"self":false},"online":2,"settings":{"canat":0,"canrepeal":0,"virtual":0,"virtualadd":0,"status":1}}
[2017-07-19 10:53:56] {"type":"userLeave","fromUser":"4397","toUser":"all","nickname":"\u8c22\u6167","roomid":"3"}
[2017-07-19 10:54:37] {"type":"userEnter","fromUser":"4397","toUser":"all","nickname":"\u8c22\u6167","role":null,"banned":false,"roomid":"3"}
[2017-07-19 10:54:37] {"type":"connected","fromUser":"system","toUser":416,"banned":{"all":false,"self":false},"online":2,"settings":{"canat":0,"canrepeal":0,"virtual":0,"virtualadd":0,"status":1}}
[2017-07-19 10:54:44] {"type":"userEnter","fromUser":"4397","toUser":"all","nickname":"\u8c22\u6167","role":null,"banned":false,"roomid":"3"}
[2017-07-19 10:54:44] {"type":"connected","fromUser":"system","toUser":417,"banned":{"all":false,"self":false},"online":2,"settings":{"canat":0,"canrepeal":0,"virtual":0,"virtualadd":0,"status":1}}
[2017-07-19 10:55:10] {"type":"userLeave","fromUser":"console_1_founder_103","toUser":"all","nickname":"\u7ba1\u7406\u5458B","roomid":3}
[2017-07-19 10:56:23] {"type":"connected","fromUser":"system","toUser":420,"banned":{"all":false,"self":false},"online":1,"settings":{"canat":0,"canrepeal":0,"virtual":0,"virtualadd":0,"status":1}}
[2017-07-19 10:57:07] {"type":"text","fromUser":"4397","toUser":"all","nickname":"\u8c22\u6167","text":"\u8001\u94c1","msgid":"08cf6a6b1d2763991608f64610fbc8b2","roomid":"3","self":1}
[2017-07-19 10:59:23] {"type":"userLeave","fromUser":"4397","toUser":"all","nickname":"\u8c22\u6167","roomid":"3"}
[2017-07-19 11:00:54] {"type":"userEnter","fromUser":"102327","toUser":"all","nickname":"\u9ad8\u5cf0","role":null,"banned":false,"roomid":"3"}
[2017-07-19 11:00:54] {"type":"connected","fromUser":"system","toUser":423,"banned":{"all":false,"self":false},"online":2,"settings":{"canat":0,"canrepeal":0,"virtual":0,"virtualadd":0,"status":1}}
[2017-07-19 11:01:02] {"type":"clicklike","fromUser":"102327","toUser":"all","roomid":"3"}
[2017-07-19 11:01:15] {"type":"text","fromUser":"102327","toUser":"all","nickname":"\u9ad8\u5cf0","text":"\u624b\u673a\u4e0a\u53ef\u4ee5","msgid":"795a61ea30d9b7267ff7ccd7c1e51537","roomid":"3"}
[2017-07-19 11:01:15] {"type":"text","fromUser":"102327","toUser":"all","nickname":"\u9ad8\u5cf0","text":"\u624b\u673a\u4e0a\u53ef\u4ee5","msgid":"795a61ea30d9b7267ff7ccd7c1e51537","roomid":"3","self":1}
[2017-07-19 11:01:37] {"type":"userLeave","fromUser":"102327","toUser":"all","nickname":"\u9ad8\u5cf0","roomid":"3"}
[2017-07-19 11:05:28] {"type":"connected","fromUser":"system","toUser":425,"banned":{"all":false,"self":false},"online":1,"settings":{"canat":0,"canrepeal":0,"virtual":0,"virtualadd":0,"status":1}}
[2017-07-19 11:05:38] {"type":"text","fromUser":"108501","toUser":"all","nickname":"vayen","text":"\u53ef\u4ee5\u8001\u94c1","msgid":"9c004b9f0c7c59457ce78b9b98aad3bc","roomid":"3","self":1}
[2017-07-19 11:06:25] {"type":"text","fromUser":"108501","toUser":"all","nickname":"vayen","text":"\u9ad8\u5927\u7237\u56de\u5934\u770b\u770b\u3002","msgid":"8c342dd993fd0d7f2d955bc47e61463c","roomid":"3","self":1}
[2017-07-19 11:10:53] {"type":"connected","fromUser":"system","toUser":426,"banned":{"all":false,"self":false},"online":1,"settings":{"canat":0,"canrepeal":0,"virtual":0,"virtualadd":0,"status":1}}
[2017-07-19 11:11:17] {"type":"text","fromUser":"102327","toUser":"all","nickname":"\u9ad8\u5cf0","text":"[\u5472\u7259]\u5565","msgid":"0c5b12b39f672c481bed655dfeff3839","roomid":"3","self":1}
[2017-07-19 11:19:28] {"type":"connected","fromUser":"system","toUser":428,"banned":{"all":false,"self":false},"online":1,"settings":{"canat":0,"canrepeal":0,"virtual":0,"virtualadd":0,"status":1}}
[2017-07-19 13:27:09] {"type":"userEnter","fromUser":"4397","toUser":"all","nickname":"\u8c22\u6167","role":null,"banned":false,"roomid":"3"}
[2017-07-19 13:27:09] {"type":"connected","fromUser":"system","toUser":430,"banned":{"all":false,"self":false},"online":2,"settings":{"canat":0,"canrepeal":0,"virtual":0,"virtualadd":0,"status":1}}
[2017-07-19 13:27:09] {"type":"userLeave","fromUser":"4397","toUser":"all","nickname":"\u8c22\u6167","roomid":"3"}
[2017-07-19 13:41:11] {"type":"userEnter","fromUser":"108501","toUser":"all","nickname":"vayen","role":null,"banned":false,"roomid":"3"}
[2017-07-19 13:41:11] {"type":"connected","fromUser":"system","toUser":431,"banned":{"all":false,"self":false},"online":2,"settings":{"canat":0,"canrepeal":0,"virtual":0,"virtualadd":0,"status":1}}
[2017-07-19 13:41:40] {"type":"userLeave","fromUser":"108501","toUser":"all","nickname":"vayen","roomid":"3"}
[2017-07-19 13:55:54] {"type":"connected","fromUser":"system","toUser":433,"banned":{"all":false,"self":false},"online":1,"settings":{"canat":0,"canrepeal":0,"virtual":0,"virtualadd":0,"status":1}}
[2017-07-19 14:38:33] {"type":"connected","fromUser":"system","toUser":434,"banned":{"all":false,"self":false},"online":1,"settings":{"canat":0,"canrepeal":0,"virtual":0,"virtualadd":0,"status":1}}
[2017-07-19 19:32:56] {"type":"connected","fromUser":"system","toUser":441,"banned":{"all":false,"self":false},"online":1,"settings":{"canat":0,"canrepeal":0,"virtual":0,"virtualadd":0,"status":1}}
[2017-07-20 15:32:11] {"type":"connected","fromUser":"system","toUser":442,"banned":{"all":false,"self":false},"online":1,"settings":{"canat":0,"canrepeal":0,"virtual":0,"virtualadd":0,"status":1}}
[2017-07-21 08:45:15] {"type":"connected","fromUser":"system","toUser":443,"banned":{"all":false,"self":false},"online":1,"settings":{"canat":0,"canrepeal":0,"virtual":0,"virtualadd":0,"status":1}}
[2017-07-21 09:42:36] {"type":"connected","fromUser":"system","toUser":444,"banned":{"all":false,"self":false},"online":1,"settings":{"canat":0,"canrepeal":0,"virtual":0,"virtualadd":0,"status":1}}
[2017-07-21 16:35:54] {"type":"connected","fromUser":"system","toUser":446,"banned":{"all":false,"self":false},"online":1,"settings":{"canat":0,"canrepeal":0,"virtual":0,"virtualadd":0,"status":1}}
[2017-07-22 17:27:32] {"type":"connected","fromUser":"system","toUser":447,"banned":{"all":false,"self":false},"online":1,"settings":{"canat":0,"canrepeal":0,"virtual":0,"virtualadd":0,"status":1}}
[2017-07-25 02:19:06] {"type":"connected","fromUser":"system","toUser":448,"banned":{"all":false,"self":false},"online":1,"settings":{"canat":0,"canrepeal":0,"virtual":0,"virtualadd":0,"status":1}}
[2017-07-28 18:14:20] {"type":"userEnter","fromUser":"console_1_founder_103","toUser":"all","nickname":"\u7ba1\u7406\u5458B","role":"manage","banned":false,"roomid":"3"}
[2017-07-28 18:14:20] {"type":"connected","fromUser":"system","toUser":455,"banned":{"all":false,"self":false},"online":2,"settings":{"canat":0,"canrepeal":0,"virtual":0,"virtualadd":0,"status":1},"userList":{"console_1_founder_103":"{\"fd\":455,\"uid\":\"console_1_founder_103\",\"nickname\":\"\\u7ba1\\u7406\\u5458B\",\"uniacid\":\"103\",\"roomid\":\"3\",\"role\":\"manage\"}","4397":"{\"fd\":453,\"uid\":\"4397\",\"nickname\":\"\\u8c22\\u6167\",\"uniacid\":\"103\",\"roomid\":\"3\",\"role\":null}"},"bannedList":[],"bannedNum":0}
[2017-07-28 18:16:26] {"type":"userLeave","fromUser":"console_1_founder_103","toUser":"all","nickname":"\u7ba1\u7406\u5458B","roomid":3}
[2017-07-28 18:16:27] {"type":"userEnter","fromUser":"console_1_founder_103","toUser":"all","nickname":"\u7ba1\u7406\u5458B","role":"manage","banned":false,"roomid":"3"}
[2017-07-28 18:16:27] {"type":"connected","fromUser":"system","toUser":456,"banned":{"all":false,"self":false},"online":2,"settings":{"canat":0,"canrepeal":0,"virtual":0,"virtualadd":0,"status":1},"userList":{"console_1_founder_103":"{\"fd\":456,\"uid\":\"console_1_founder_103\",\"nickname\":\"\\u7ba1\\u7406\\u5458B\",\"uniacid\":\"103\",\"roomid\":\"3\",\"role\":\"manage\"}","4397":"{\"fd\":453,\"uid\":\"4397\",\"nickname\":\"\\u8c22\\u6167\",\"uniacid\":\"103\",\"roomid\":\"3\",\"role\":null}"},"bannedList":[],"bannedNum":0}
[2017-07-28 18:40:14] {"type":"userEnter","fromUser":"102227","toUser":"all","nickname":"\u4e22\u4e86\u4e00\u4e2a\u5973\u5b69","role":null,"banned":false,"roomid":"3"}
[2017-07-28 18:40:14] {"type":"connected","fromUser":"system","toUser":460,"banned":{"all":false,"self":false},"online":2,"settings":{"canat":0,"canrepeal":0,"virtual":0,"virtualadd":0,"status":1}}
[2017-07-28 18:40:55] {"type":"clicklike","fromUser":"102227","toUser":"all","roomid":"3"}
[2017-07-28 18:42:04] {"type":"userLeave","fromUser":"102227","toUser":"all","nickname":"\u4e22\u4e86\u4e00\u4e2a\u5973\u5b69","roomid":"3"}
[2017-07-29 20:40:59] {"type":"connected","fromUser":"system","toUser":462,"banned":{"all":false,"self":false},"online":1,"settings":{"canat":0,"canrepeal":0,"virtual":0,"virtualadd":0,"status":1}}
[2017-08-01 18:12:55] {"type":"connected","fromUser":"system","toUser":465,"banned":{"all":false,"self":false},"online":1,"settings":{"canat":0,"canrepeal":0,"virtual":0,"virtualadd":0,"status":1}}
[2017-08-01 19:15:19] {"type":"connected","fromUser":"system","toUser":466,"banned":{"all":false,"self":false},"online":1,"settings":{"canat":0,"canrepeal":0,"virtual":0,"virtualadd":0,"status":1}}
[2017-08-02 01:31:15] {"type":"connected","fromUser":"system","toUser":468,"banned":{"all":false,"self":false},"online":1,"settings":{"canat":0,"canrepeal":0,"virtual":0,"virtualadd":0,"status":1}}
[2017-08-02 12:49:00] {"type":"connected","fromUser":"system","toUser":471,"banned":{"all":false,"self":false},"online":1,"settings":{"canat":0,"canrepeal":0,"virtual":0,"virtualadd":0,"status":1}}
